Input edge file: /scratch/predrag/6.886/inputs_gen2/original_50M_1.adjlist
Graph size: 50000000
Time taken:     199.68971s
Time per round: 19.968971s
Baseline: 1
D0_BSP: 0
D1_PRIO: 0
D1_CHUNK: 0
Parallel: 0
Priority group bits: 0
Debug flag: 0
Test flag: 0

Input edge file: /scratch/predrag/6.886/inputs_gen2/original_50M_1.adjlist
Graph size: 50000000
Time taken:     83.81878s
Time per round: 8.381878s
Baseline: 0
D0_BSP: 1
D1_PRIO: 0
D1_CHUNK: 0
Parallel: 0
Debug flag: 0
Test flag: 0

Input edge file: /scratch/predrag/6.886/inputs_gen2/original_50M_1.adjlist
Graph size: 50000000
Time taken:     178.79846s
Time per round: 17.879846s
Baseline: 0
D0_BSP: 0
D1_PRIO: 0
D1_CHUNK: 1
Parallel: 0
Chunk size bits: 16
Debug flag: 0
Test flag: 0

Input edge file: /scratch/predrag/6.886/inputs_gen2/original_50M_1.adjlist
Graph size: 50000000
Time taken:     27.738497s
Time per round: 2.7738497s
Baseline: 1
D0_BSP: 0
D1_PRIO: 0
D1_CHUNK: 0
Parallel: 1
Priority group bits: 0
Debug flag: 0
Test flag: 0

Input edge file: /scratch/predrag/6.886/inputs_gen2/original_50M_1.adjlist
Graph size: 50000000
Time taken:     23.953512s
Time per round: 2.3953512s
Baseline: 0
D0_BSP: 1
D1_PRIO: 0
D1_CHUNK: 0
Parallel: 1
Debug flag: 0
Test flag: 0

Input edge file: /scratch/predrag/6.886/inputs_gen2/original_50M_1.adjlist
Graph size: 50000000
Time taken:     31.194054s
Time per round: 3.1194054s
Baseline: 0
D0_BSP: 0
D1_PRIO: 0
D1_CHUNK: 1
Parallel: 1
Chunk size bits: 16
Debug flag: 0
Test flag: 0

Input edge file: /scratch/predrag/6.886/current_run/edges_reordered.adjlist
Graph size: 50000000
Time taken:     175.34808s
Time per round: 17.534808s
Baseline: 1
D0_BSP: 0
D1_PRIO: 0
D1_CHUNK: 0
Parallel: 0
Priority group bits: 0
Debug flag: 0
Test flag: 0
Hilbert bits: 1

Input edge file: /scratch/predrag/6.886/current_run/edges_reordered.adjlist
Graph size: 50000000
Time taken:     81.297434s
Time per round: 8.1297434s
Baseline: 0
D0_BSP: 1
D1_PRIO: 0
D1_CHUNK: 0
Parallel: 0
Debug flag: 0
Test flag: 0
Hilbert bits: 1

Input edge file: /scratch/predrag/6.886/current_run/edges_reordered.adjlist
Graph size: 50000000
Time taken:     134.31825s
Time per round: 13.431825s
Baseline: 0
D0_BSP: 0
D1_PRIO: 0
D1_CHUNK: 1
Parallel: 0
Chunk size bits: 16
Debug flag: 0
Test flag: 0
Hilbert bits: 1

Input edge file: /scratch/predrag/6.886/current_run/edges_reordered.adjlist
Graph size: 50000000
Time taken:     27.490822s
Time per round: 2.7490822s
Baseline: 1
D0_BSP: 0
D1_PRIO: 0
D1_CHUNK: 0
Parallel: 1
Priority group bits: 0
Debug flag: 0
Test flag: 0
Hilbert bits: 1

Input edge file: /scratch/predrag/6.886/current_run/edges_reordered.adjlist
Graph size: 50000000
Time taken:     24.850843s
Time per round: 2.4850843s
Baseline: 0
D0_BSP: 1
D1_PRIO: 0
D1_CHUNK: 0
Parallel: 1
Debug flag: 0
Test flag: 0
Hilbert bits: 1

Input edge file: /scratch/predrag/6.886/current_run/edges_reordered.adjlist
Graph size: 50000000
Time taken:     31.647824s
Time per round: 3.1647824s
Baseline: 0
D0_BSP: 0
D1_PRIO: 0
D1_CHUNK: 1
Parallel: 1
Chunk size bits: 16
Debug flag: 0
Test flag: 0
Hilbert bits: 1

Input edge file: /scratch/predrag/6.886/current_run/edges_reordered.adjlist
Graph size: 50000000
Time taken:     154.85172s
Time per round: 15.485172s
Baseline: 1
D0_BSP: 0
D1_PRIO: 0
D1_CHUNK: 0
Parallel: 0
Priority group bits: 0
Debug flag: 0
Test flag: 0
Hilbert bits: 2

Input edge file: /scratch/predrag/6.886/current_run/edges_reordered.adjlist
Graph size: 50000000
Time taken:     70.603841s
Time per round: 7.0603841s
Baseline: 0
D0_BSP: 1
D1_PRIO: 0
D1_CHUNK: 0
Parallel: 0
Debug flag: 0
Test flag: 0
Hilbert bits: 2

Input edge file: /scratch/predrag/6.886/current_run/edges_reordered.adjlist
Graph size: 50000000
Time taken:     124.5678s
Time per round: 12.45678s
Baseline: 0
D0_BSP: 0
D1_PRIO: 0
D1_CHUNK: 1
Parallel: 0
Chunk size bits: 16
Debug flag: 0
Test flag: 0
Hilbert bits: 2

Input edge file: /scratch/predrag/6.886/current_run/edges_reordered.adjlist
Graph size: 50000000
Time taken:     26.503756s
Time per round: 2.6503756s
Baseline: 1
D0_BSP: 0
D1_PRIO: 0
D1_CHUNK: 0
Parallel: 1
Priority group bits: 0
Debug flag: 0
Test flag: 0
Hilbert bits: 2

Input edge file: /scratch/predrag/6.886/current_run/edges_reordered.adjlist
Graph size: 50000000
Time taken:     24.821708s
Time per round: 2.4821708s
Baseline: 0
D0_BSP: 1
D1_PRIO: 0
D1_CHUNK: 0
Parallel: 1
Debug flag: 0
Test flag: 0
Hilbert bits: 2

Input edge file: /scratch/predrag/6.886/current_run/edges_reordered.adjlist
Graph size: 50000000
Time taken:     36.759851s
Time per round: 3.6759851s
Baseline: 0
D0_BSP: 0
D1_PRIO: 0
D1_CHUNK: 1
Parallel: 1
Chunk size bits: 16
Debug flag: 0
Test flag: 0
Hilbert bits: 2

Input edge file: /scratch/predrag/6.886/current_run/edges_reordered.adjlist
Graph size: 50000000
Time taken:     115.19652s
Time per round: 11.519652s
Baseline: 1
D0_BSP: 0
D1_PRIO: 0
D1_CHUNK: 0
Parallel: 0
Priority group bits: 0
Debug flag: 0
Test flag: 0
Hilbert bits: 3

Input edge file: /scratch/predrag/6.886/current_run/edges_reordered.adjlist
Graph size: 50000000
Time taken:     37.428179s
Time per round: 3.7428179s
Baseline: 0
D0_BSP: 1
D1_PRIO: 0
D1_CHUNK: 0
Parallel: 0
Debug flag: 0
Test flag: 0
Hilbert bits: 3

Input edge file: /scratch/predrag/6.886/current_run/edges_reordered.adjlist
Graph size: 50000000
Time taken:     103.5027s
Time per round: 10.35027s
Baseline: 0
D0_BSP: 0
D1_PRIO: 0
D1_CHUNK: 1
Parallel: 0
Chunk size bits: 16
Debug flag: 0
Test flag: 0
Hilbert bits: 3

Input edge file: /scratch/predrag/6.886/current_run/edges_reordered.adjlist
Graph size: 50000000
Time taken:     23.579902s
Time per round: 2.3579902s
Baseline: 1
D0_BSP: 0
D1_PRIO: 0
D1_CHUNK: 0
Parallel: 1
Priority group bits: 0
Debug flag: 0
Test flag: 0
Hilbert bits: 3

Input edge file: /scratch/predrag/6.886/current_run/edges_reordered.adjlist
Graph size: 50000000
Time taken:     18.111037s
Time per round: 1.8111037s
Baseline: 0
D0_BSP: 1
D1_PRIO: 0
D1_CHUNK: 0
Parallel: 1
Debug flag: 0
Test flag: 0
Hilbert bits: 3

Input edge file: /scratch/predrag/6.886/current_run/edges_reordered.adjlist
Graph size: 50000000
Time taken:     26.436407s
Time per round: 2.6436407s
Baseline: 0
D0_BSP: 0
D1_PRIO: 0
D1_CHUNK: 1
Parallel: 1
Chunk size bits: 16
Debug flag: 0
Test flag: 0
Hilbert bits: 3

Input edge file: /scratch/predrag/6.886/current_run/edges_reordered.adjlist
Graph size: 50000000
Time taken:     98.661036s
Time per round: 9.8661036s
Baseline: 1
D0_BSP: 0
D1_PRIO: 0
D1_CHUNK: 0
Parallel: 0
Priority group bits: 0
Debug flag: 0
Test flag: 0
Hilbert bits: 4

Input edge file: /scratch/predrag/6.886/current_run/edges_reordered.adjlist
Graph size: 50000000
Time taken:     30.955959s
Time per round: 3.0955959s
Baseline: 0
D0_BSP: 1
D1_PRIO: 0
D1_CHUNK: 0
Parallel: 0
Debug flag: 0
Test flag: 0
Hilbert bits: 4

Input edge file: /scratch/predrag/6.886/current_run/edges_reordered.adjlist
Graph size: 50000000
Time taken:     62.06164s
Time per round: 6.206164s
Baseline: 0
D0_BSP: 0
D1_PRIO: 0
D1_CHUNK: 1
Parallel: 0
Chunk size bits: 16
Debug flag: 0
Test flag: 0
Hilbert bits: 4

Input edge file: /scratch/predrag/6.886/current_run/edges_reordered.adjlist
Graph size: 50000000
Time taken:     17.382327s
Time per round: 1.7382327s
Baseline: 1
D0_BSP: 0
D1_PRIO: 0
D1_CHUNK: 0
Parallel: 1
Priority group bits: 0
Debug flag: 0
Test flag: 0
Hilbert bits: 4

Input edge file: /scratch/predrag/6.886/current_run/edges_reordered.adjlist
Graph size: 50000000
Time taken:     6.2754588s
Time per round: 0.62754588s
Baseline: 0
D0_BSP: 1
D1_PRIO: 0
D1_CHUNK: 0
Parallel: 1
Debug flag: 0
Test flag: 0
Hilbert bits: 4

Input edge file: /scratch/predrag/6.886/current_run/edges_reordered.adjlist
Graph size: 50000000
Time taken:     14.482287s
Time per round: 1.4482287s
Baseline: 0
D0_BSP: 0
D1_PRIO: 0
D1_CHUNK: 1
Parallel: 1
Chunk size bits: 16
Debug flag: 0
Test flag: 0
Hilbert bits: 4

Input edge file: /scratch/predrag/6.886/current_run/edges_reordered.adjlist
Graph size: 50000000
Time taken:     93.380517s
Time per round: 9.3380517s
Baseline: 1
D0_BSP: 0
D1_PRIO: 0
D1_CHUNK: 0
Parallel: 0
Priority group bits: 0
Debug flag: 0
Test flag: 0
Hilbert bits: 5

Input edge file: /scratch/predrag/6.886/current_run/edges_reordered.adjlist
Graph size: 50000000
Time taken:     29.225207s
Time per round: 2.9225207s
Baseline: 0
D0_BSP: 1
D1_PRIO: 0
D1_CHUNK: 0
Parallel: 0
Debug flag: 0
Test flag: 0
Hilbert bits: 5

Input edge file: /scratch/predrag/6.886/current_run/edges_reordered.adjlist
Graph size: 50000000
Time taken:     34.747976s
Time per round: 3.4747976s
Baseline: 0
D0_BSP: 0
D1_PRIO: 0
D1_CHUNK: 1
Parallel: 0
Chunk size bits: 16
Debug flag: 0
Test flag: 0
Hilbert bits: 5

Input edge file: /scratch/predrag/6.886/current_run/edges_reordered.adjlist
Graph size: 50000000
Time taken:     46.808363s
Time per round: 4.6808363s
Baseline: 1
D0_BSP: 0
D1_PRIO: 0
D1_CHUNK: 0
Parallel: 1
Priority group bits: 0
Debug flag: 0
Test flag: 0
Hilbert bits: 5

Input edge file: /scratch/predrag/6.886/current_run/edges_reordered.adjlist
Graph size: 50000000
Time taken:     4.6847898s
Time per round: 0.46847898s
Baseline: 0
D0_BSP: 1
D1_PRIO: 0
D1_CHUNK: 0
Parallel: 1
Debug flag: 0
Test flag: 0
Hilbert bits: 5

Input edge file: /scratch/predrag/6.886/current_run/edges_reordered.adjlist
Graph size: 50000000
Time taken:     6.3643265s
Time per round: 0.63643265s
Baseline: 0
D0_BSP: 0
D1_PRIO: 0
D1_CHUNK: 1
Parallel: 1
Chunk size bits: 16
Debug flag: 0
Test flag: 0
Hilbert bits: 5

Input edge file: /scratch/predrag/6.886/current_run/edges_reordered.adjlist
Graph size: 50000000
Time taken:     97.306912s
Time per round: 9.7306912s
Baseline: 1
D0_BSP: 0
D1_PRIO: 0
D1_CHUNK: 0
Parallel: 0
Priority group bits: 0
Debug flag: 0
Test flag: 0
Hilbert bits: 6

Input edge file: /scratch/predrag/6.886/current_run/edges_reordered.adjlist
Graph size: 50000000
Time taken:     30.10276s
Time per round: 3.010276s
Baseline: 0
D0_BSP: 1
D1_PRIO: 0
D1_CHUNK: 0
Parallel: 0
Debug flag: 0
Test flag: 0
Hilbert bits: 6

Input edge file: /scratch/predrag/6.886/current_run/edges_reordered.adjlist
Graph size: 50000000
Time taken:     36.500212s
Time per round: 3.6500212s
Baseline: 0
D0_BSP: 0
D1_PRIO: 0
D1_CHUNK: 1
Parallel: 0
Chunk size bits: 16
Debug flag: 0
Test flag: 0
Hilbert bits: 6

Input edge file: /scratch/predrag/6.886/current_run/edges_reordered.adjlist
Graph size: 50000000
Time taken:     89.433642s
Time per round: 8.9433642s
Baseline: 1
D0_BSP: 0
D1_PRIO: 0
D1_CHUNK: 0
Parallel: 1
Priority group bits: 0
Debug flag: 0
Test flag: 0
Hilbert bits: 6

Input edge file: /scratch/predrag/6.886/current_run/edges_reordered.adjlist
Graph size: 50000000
Time taken:     4.5929108s
Time per round: 0.45929108s
Baseline: 0
D0_BSP: 1
D1_PRIO: 0
D1_CHUNK: 0
Parallel: 1
Debug flag: 0
Test flag: 0
Hilbert bits: 6

Input edge file: /scratch/predrag/6.886/current_run/edges_reordered.adjlist
Graph size: 50000000
Time taken:     5.5416993s
Time per round: 0.55416993s
Baseline: 0
D0_BSP: 0
D1_PRIO: 0
D1_CHUNK: 1
Parallel: 1
Chunk size bits: 16
Debug flag: 0
Test flag: 0
Hilbert bits: 6

Input edge file: /scratch/predrag/6.886/current_run/edges_reordered.adjlist
Graph size: 50000000
Time taken:     78.209716s
Time per round: 7.8209716s
Baseline: 1
D0_BSP: 0
D1_PRIO: 0
D1_CHUNK: 0
Parallel: 0
Priority group bits: 0
Debug flag: 0
Test flag: 0
Hilbert bits: 7

Input edge file: /scratch/predrag/6.886/current_run/edges_reordered.adjlist
Graph size: 50000000
Time taken:     22.536671s
Time per round: 2.2536671s
Baseline: 0
D0_BSP: 1
D1_PRIO: 0
D1_CHUNK: 0
Parallel: 0
Debug flag: 0
Test flag: 0
Hilbert bits: 7

Input edge file: /scratch/predrag/6.886/current_run/edges_reordered.adjlist
Graph size: 50000000
Time taken:     27.539679s
Time per round: 2.7539679s
Baseline: 0
D0_BSP: 0
D1_PRIO: 0
D1_CHUNK: 1
Parallel: 0
Chunk size bits: 16
Debug flag: 0
Test flag: 0
Hilbert bits: 7

Input edge file: /scratch/predrag/6.886/current_run/edges_reordered.adjlist
Graph size: 50000000
Time taken:     86.502868s
Time per round: 8.6502868s
Baseline: 1
D0_BSP: 0
D1_PRIO: 0
D1_CHUNK: 0
Parallel: 1
Priority group bits: 0
Debug flag: 0
Test flag: 0
Hilbert bits: 7

Input edge file: /scratch/predrag/6.886/current_run/edges_reordered.adjlist
Graph size: 50000000
Time taken:     4.5664758s
Time per round: 0.45664758s
Baseline: 0
D0_BSP: 1
D1_PRIO: 0
D1_CHUNK: 0
Parallel: 1
Debug flag: 0
Test flag: 0
Hilbert bits: 7

Input edge file: /scratch/predrag/6.886/current_run/edges_reordered.adjlist
Graph size: 50000000
Time taken:     5.0887353s
Time per round: 0.50887353s
Baseline: 0
D0_BSP: 0
D1_PRIO: 0
D1_CHUNK: 1
Parallel: 1
Chunk size bits: 16
Debug flag: 0
Test flag: 0
Hilbert bits: 7

Input edge file: /scratch/predrag/6.886/current_run/edges_reordered.adjlist
Graph size: 50000000
Time taken:     77.032718s
Time per round: 7.7032718s
Baseline: 1
D0_BSP: 0
D1_PRIO: 0
D1_CHUNK: 0
Parallel: 0
Priority group bits: 0
Debug flag: 0
Test flag: 0
Hilbert bits: 8

Input edge file: /scratch/predrag/6.886/current_run/edges_reordered.adjlist
Graph size: 50000000
Time taken:     22.132199s
Time per round: 2.2132199s
Baseline: 0
D0_BSP: 1
D1_PRIO: 0
D1_CHUNK: 0
Parallel: 0
Debug flag: 0
Test flag: 0
Hilbert bits: 8

Input edge file: /scratch/predrag/6.886/current_run/edges_reordered.adjlist
Graph size: 50000000
Time taken:     26.91583s
Time per round: 2.691583s
Baseline: 0
D0_BSP: 0
D1_PRIO: 0
D1_CHUNK: 1
Parallel: 0
Chunk size bits: 16
Debug flag: 0
Test flag: 0
Hilbert bits: 8

Input edge file: /scratch/predrag/6.886/current_run/edges_reordered.adjlist
Graph size: 50000000
Time taken:     85.448586s
Time per round: 8.5448586s
Baseline: 1
D0_BSP: 0
D1_PRIO: 0
D1_CHUNK: 0
Parallel: 1
Priority group bits: 0
Debug flag: 0
Test flag: 0
Hilbert bits: 8

Input edge file: /scratch/predrag/6.886/current_run/edges_reordered.adjlist
Graph size: 50000000
Time taken:     5.3374242s
Time per round: 0.53374242s
Baseline: 0
D0_BSP: 1
D1_PRIO: 0
D1_CHUNK: 0
Parallel: 1
Debug flag: 0
Test flag: 0
Hilbert bits: 8

Input edge file: /scratch/predrag/6.886/current_run/edges_reordered.adjlist
Graph size: 50000000
Time taken:     5.3273425s
Time per round: 0.53273425s
Baseline: 0
D0_BSP: 0
D1_PRIO: 0
D1_CHUNK: 1
Parallel: 1
Chunk size bits: 16
Debug flag: 0
Test flag: 0
Hilbert bits: 8
