Benchmark root directory: /scratch/predrag/6.886/current_run
Output into: /scratch/predrag/6.886/results/scalability.out
Input files:
  /scratch/predrag/6.886/inputs_gen2/original_50M_1.node
  /scratch/predrag/6.886/inputs_gen2/original_50M_1.adjlist

Input edge file: /scratch/predrag/6.886/inputs_gen2/original_50M_1.adjlist
Graph size: 50000000
Cilk workers: 1
Done computing 10 rounds!
Time taken:     227.48326s
Time per round: 22.748326s
Baseline: 1
D0_BSP: 0
D1_PRIO: 0
D1_CHUNK: 0
Parallel: 1
Priority group bits: 0
Debug flag: 0
Test flag: 0
Final result (ignore this line): 4.5776183e+26

Input edge file: /scratch/predrag/6.886/inputs_gen2/original_50M_1.adjlist
Graph size: 50000000
Cilk workers: 1
Done computing 10 rounds!
Time taken:     81.06414s
Time per round: 8.106414s
Baseline: 0
D0_BSP: 1
D1_PRIO: 0
D1_CHUNK: 0
Parallel: 1
Debug flag: 0
Test flag: 0
Final result (ignore this line): 9.223372e+26

Input edge file: /scratch/predrag/6.886/inputs_gen2/original_50M_1.adjlist
Graph size: 50000000
Cilk workers: 1
Done computing 10 rounds!
Time taken:     152.03206s
Time per round: 15.203206s
Baseline: 0
D0_BSP: 0
D1_PRIO: 0
D1_CHUNK: 1
Parallel: 1
Chunk size bits: 16
Debug flag: 0
Test flag: 0
Final result (ignore this line): 9.223372e+26

Input edge file: /scratch/predrag/6.886/inputs_gen2/original_50M_1.adjlist
Graph size: 50000000
Cilk workers: 2
Done computing 10 rounds!
Time taken:     131.31026s
Time per round: 13.131026s
Baseline: 1
D0_BSP: 0
D1_PRIO: 0
D1_CHUNK: 0
Parallel: 1
Priority group bits: 0
Debug flag: 0
Test flag: 0
Final result (ignore this line): 4.5776183e+26

Input edge file: /scratch/predrag/6.886/inputs_gen2/original_50M_1.adjlist
Graph size: 50000000
Cilk workers: 2
Done computing 10 rounds!
Time taken:     50.505508s
Time per round: 5.0505508s
Baseline: 0
D0_BSP: 1
D1_PRIO: 0
D1_CHUNK: 0
Parallel: 1
Debug flag: 0
Test flag: 0
Final result (ignore this line): 9.223372e+26

Input edge file: /scratch/predrag/6.886/inputs_gen2/original_50M_1.adjlist
Graph size: 50000000
Cilk workers: 2
Done computing 10 rounds!
Time taken:     88.421689s
Time per round: 8.8421689s
Baseline: 0
D0_BSP: 0
D1_PRIO: 0
D1_CHUNK: 1
Parallel: 1
Chunk size bits: 16
Debug flag: 0
Test flag: 0
Final result (ignore this line): 9.223372e+26

Input edge file: /scratch/predrag/6.886/inputs_gen2/original_50M_1.adjlist
Graph size: 50000000
Cilk workers: 3
Done computing 10 rounds!
Time taken:     90.625823s
Time per round: 9.0625823s
Baseline: 1
D0_BSP: 0
D1_PRIO: 0
D1_CHUNK: 0
Parallel: 1
Priority group bits: 0
Debug flag: 0
Test flag: 0
Final result (ignore this line): 4.5776183e+26

Input edge file: /scratch/predrag/6.886/inputs_gen2/original_50M_1.adjlist
Graph size: 50000000
Cilk workers: 3
Done computing 10 rounds!
Time taken:     36.63519s
Time per round: 3.663519s
Baseline: 0
D0_BSP: 1
D1_PRIO: 0
D1_CHUNK: 0
Parallel: 1
Debug flag: 0
Test flag: 0
Final result (ignore this line): 9.223372e+26

Input edge file: /scratch/predrag/6.886/inputs_gen2/original_50M_1.adjlist
Graph size: 50000000
Cilk workers: 3
Done computing 10 rounds!
Time taken:     63.44728s
Time per round: 6.344728s
Baseline: 0
D0_BSP: 0
D1_PRIO: 0
D1_CHUNK: 1
Parallel: 1
Chunk size bits: 16
Debug flag: 0
Test flag: 0
Final result (ignore this line): 9.223372e+26

Input edge file: /scratch/predrag/6.886/inputs_gen2/original_50M_1.adjlist
Graph size: 50000000
Cilk workers: 4
Done computing 10 rounds!
Time taken:     67.817246s
Time per round: 6.7817246s
Baseline: 1
D0_BSP: 0
D1_PRIO: 0
D1_CHUNK: 0
Parallel: 1
Priority group bits: 0
Debug flag: 0
Test flag: 0
Final result (ignore this line): 4.5776183e+26

Input edge file: /scratch/predrag/6.886/inputs_gen2/original_50M_1.adjlist
Graph size: 50000000
Cilk workers: 4
Done computing 10 rounds!
Time taken:     29.882266s
Time per round: 2.9882266s
Baseline: 0
D0_BSP: 1
D1_PRIO: 0
D1_CHUNK: 0
Parallel: 1
Debug flag: 0
Test flag: 0
Final result (ignore this line): 9.223372e+26

Input edge file: /scratch/predrag/6.886/inputs_gen2/original_50M_1.adjlist
Graph size: 50000000
Cilk workers: 4
Done computing 10 rounds!
Time taken:     49.993187s
Time per round: 4.9993187s
Baseline: 0
D0_BSP: 0
D1_PRIO: 0
D1_CHUNK: 1
Parallel: 1
Chunk size bits: 16
Debug flag: 0
Test flag: 0
Final result (ignore this line): 9.223372e+26

Input edge file: /scratch/predrag/6.886/inputs_gen2/original_50M_1.adjlist
Graph size: 50000000
Cilk workers: 5
Done computing 10 rounds!
Time taken:     56.419919s
Time per round: 5.6419919s
Baseline: 1
D0_BSP: 0
D1_PRIO: 0
D1_CHUNK: 0
Parallel: 1
Priority group bits: 0
Debug flag: 0
Test flag: 0
Final result (ignore this line): 4.5776183e+26

Input edge file: /scratch/predrag/6.886/inputs_gen2/original_50M_1.adjlist
Graph size: 50000000
Cilk workers: 5
Done computing 10 rounds!
Time taken:     28.073383s
Time per round: 2.8073383s
Baseline: 0
D0_BSP: 1
D1_PRIO: 0
D1_CHUNK: 0
Parallel: 1
Debug flag: 0
Test flag: 0
Final result (ignore this line): 9.223372e+26

Input edge file: /scratch/predrag/6.886/inputs_gen2/original_50M_1.adjlist
Graph size: 50000000
Cilk workers: 5
Done computing 10 rounds!
Time taken:     41.965908s
Time per round: 4.1965908s
Baseline: 0
D0_BSP: 0
D1_PRIO: 0
D1_CHUNK: 1
Parallel: 1
Chunk size bits: 16
Debug flag: 0
Test flag: 0
Final result (ignore this line): 9.223372e+26

Input edge file: /scratch/predrag/6.886/inputs_gen2/original_50M_1.adjlist
Graph size: 50000000
Cilk workers: 6
Done computing 10 rounds!
Time taken:     47.384264s
Time per round: 4.7384264s
Baseline: 1
D0_BSP: 0
D1_PRIO: 0
D1_CHUNK: 0
Parallel: 1
Priority group bits: 0
Debug flag: 0
Test flag: 0
Final result (ignore this line): 4.5776183e+26

Input edge file: /scratch/predrag/6.886/inputs_gen2/original_50M_1.adjlist
Graph size: 50000000
Cilk workers: 6
Done computing 10 rounds!
Time taken:     26.61579s
Time per round: 2.661579s
Baseline: 0
D0_BSP: 1
D1_PRIO: 0
D1_CHUNK: 0
Parallel: 1
Debug flag: 0
Test flag: 0
Final result (ignore this line): 9.223372e+26

Input edge file: /scratch/predrag/6.886/inputs_gen2/original_50M_1.adjlist
Graph size: 50000000
Cilk workers: 6
Done computing 10 rounds!
Time taken:     37.732897s
Time per round: 3.7732897s
Baseline: 0
D0_BSP: 0
D1_PRIO: 0
D1_CHUNK: 1
Parallel: 1
Chunk size bits: 16
Debug flag: 0
Test flag: 0
Final result (ignore this line): 9.223372e+26

Input edge file: /scratch/predrag/6.886/inputs_gen2/original_50M_1.adjlist
Graph size: 50000000
Cilk workers: 7
Done computing 10 rounds!
Time taken:     41.081616s
Time per round: 4.1081616s
Baseline: 1
D0_BSP: 0
D1_PRIO: 0
D1_CHUNK: 0
Parallel: 1
Priority group bits: 0
Debug flag: 0
Test flag: 0
Final result (ignore this line): 4.5776183e+26

Input edge file: /scratch/predrag/6.886/inputs_gen2/original_50M_1.adjlist
Graph size: 50000000
Cilk workers: 7
Done computing 10 rounds!
Time taken:     25.017089s
Time per round: 2.5017089s
Baseline: 0
D0_BSP: 1
D1_PRIO: 0
D1_CHUNK: 0
Parallel: 1
Debug flag: 0
Test flag: 0
Final result (ignore this line): 9.223372e+26

Input edge file: /scratch/predrag/6.886/inputs_gen2/original_50M_1.adjlist
Graph size: 50000000
Cilk workers: 7
Done computing 10 rounds!
Time taken:     37.21324s
Time per round: 3.721324s
Baseline: 0
D0_BSP: 0
D1_PRIO: 0
D1_CHUNK: 1
Parallel: 1
Chunk size bits: 16
Debug flag: 0
Test flag: 0
Final result (ignore this line): 9.223372e+26

Input edge file: /scratch/predrag/6.886/inputs_gen2/original_50M_1.adjlist
Graph size: 50000000
Cilk workers: 8
Done computing 10 rounds!
Time taken:     37.259732s
Time per round: 3.7259732s
Baseline: 1
D0_BSP: 0
D1_PRIO: 0
D1_CHUNK: 0
Parallel: 1
Priority group bits: 0
Debug flag: 0
Test flag: 0
Final result (ignore this line): 4.5776183e+26

Input edge file: /scratch/predrag/6.886/inputs_gen2/original_50M_1.adjlist
Graph size: 50000000
Cilk workers: 8
Done computing 10 rounds!
Time taken:     25.350525s
Time per round: 2.5350525s
Baseline: 0
D0_BSP: 1
D1_PRIO: 0
D1_CHUNK: 0
Parallel: 1
Debug flag: 0
Test flag: 0
Final result (ignore this line): 9.223372e+26

Input edge file: /scratch/predrag/6.886/inputs_gen2/original_50M_1.adjlist
Graph size: 50000000
Cilk workers: 8
Done computing 10 rounds!
Time taken:     36.14218s
Time per round: 3.614218s
Baseline: 0
D0_BSP: 0
D1_PRIO: 0
D1_CHUNK: 1
Parallel: 1
Chunk size bits: 16
Debug flag: 0
Test flag: 0
Final result (ignore this line): 9.223372e+26

Input edge file: /scratch/predrag/6.886/inputs_gen2/original_50M_1.adjlist
Graph size: 50000000
Cilk workers: 9
Done computing 10 rounds!
Time taken:     34.029025s
Time per round: 3.4029025s
Baseline: 1
D0_BSP: 0
D1_PRIO: 0
D1_CHUNK: 0
Parallel: 1
Priority group bits: 0
Debug flag: 0
Test flag: 0
Final result (ignore this line): 4.5776183e+26

Input edge file: /scratch/predrag/6.886/inputs_gen2/original_50M_1.adjlist
Graph size: 50000000
Cilk workers: 9
Done computing 10 rounds!
Time taken:     25.119438s
Time per round: 2.5119438s
Baseline: 0
D0_BSP: 1
D1_PRIO: 0
D1_CHUNK: 0
Parallel: 1
Debug flag: 0
Test flag: 0
Final result (ignore this line): 9.223372e+26

Input edge file: /scratch/predrag/6.886/inputs_gen2/original_50M_1.adjlist
Graph size: 50000000
Cilk workers: 9
Done computing 10 rounds!
Time taken:     38.992063s
Time per round: 3.8992063s
Baseline: 0
D0_BSP: 0
D1_PRIO: 0
D1_CHUNK: 1
Parallel: 1
Chunk size bits: 16
Debug flag: 0
Test flag: 0
Final result (ignore this line): 9.223372e+26

Input edge file: /scratch/predrag/6.886/inputs_gen2/original_50M_1.adjlist
Graph size: 50000000
Cilk workers: 10
Done computing 10 rounds!
Time taken:     31.451731s
Time per round: 3.1451731s
Baseline: 1
D0_BSP: 0
D1_PRIO: 0
D1_CHUNK: 0
Parallel: 1
Priority group bits: 0
Debug flag: 0
Test flag: 0
Final result (ignore this line): 4.5776183e+26

Input edge file: /scratch/predrag/6.886/inputs_gen2/original_50M_1.adjlist
Graph size: 50000000
Cilk workers: 10
Done computing 10 rounds!
Time taken:     24.95683s
Time per round: 2.495683s
Baseline: 0
D0_BSP: 1
D1_PRIO: 0
D1_CHUNK: 0
Parallel: 1
Debug flag: 0
Test flag: 0
Final result (ignore this line): 9.223372e+26

Input edge file: /scratch/predrag/6.886/inputs_gen2/original_50M_1.adjlist
Graph size: 50000000
Cilk workers: 10
Done computing 10 rounds!
Time taken:     34.742577s
Time per round: 3.4742577s
Baseline: 0
D0_BSP: 0
D1_PRIO: 0
D1_CHUNK: 1
Parallel: 1
Chunk size bits: 16
Debug flag: 0
Test flag: 0
Final result (ignore this line): 9.223372e+26

Input edge file: /scratch/predrag/6.886/inputs_gen2/original_50M_1.adjlist
Graph size: 50000000
Cilk workers: 11
Done computing 10 rounds!
Time taken:     29.402664s
Time per round: 2.9402664s
Baseline: 1
D0_BSP: 0
D1_PRIO: 0
D1_CHUNK: 0
Parallel: 1
Priority group bits: 0
Debug flag: 0
Test flag: 0
Final result (ignore this line): 4.5776183e+26

Input edge file: /scratch/predrag/6.886/inputs_gen2/original_50M_1.adjlist
Graph size: 50000000
Cilk workers: 11
Done computing 10 rounds!
Time taken:     23.899657s
Time per round: 2.3899657s
Baseline: 0
D0_BSP: 1
D1_PRIO: 0
D1_CHUNK: 0
Parallel: 1
Debug flag: 0
Test flag: 0
Final result (ignore this line): 9.223372e+26

Input edge file: /scratch/predrag/6.886/inputs_gen2/original_50M_1.adjlist
Graph size: 50000000
Cilk workers: 11
Done computing 10 rounds!
Time taken:     31.707391s
Time per round: 3.1707391s
Baseline: 0
D0_BSP: 0
D1_PRIO: 0
D1_CHUNK: 1
Parallel: 1
Chunk size bits: 16
Debug flag: 0
Test flag: 0
Final result (ignore this line): 9.223372e+26

Input edge file: /scratch/predrag/6.886/inputs_gen2/original_50M_1.adjlist
Graph size: 50000000
Cilk workers: 12
Done computing 10 rounds!
Time taken:     28.064208s
Time per round: 2.8064208s
Baseline: 1
D0_BSP: 0
D1_PRIO: 0
D1_CHUNK: 0
Parallel: 1
Priority group bits: 0
Debug flag: 0
Test flag: 0
Final result (ignore this line): 4.5776183e+26

Input edge file: /scratch/predrag/6.886/inputs_gen2/original_50M_1.adjlist
Graph size: 50000000
Cilk workers: 12
Done computing 10 rounds!
Time taken:     23.788072s
Time per round: 2.3788072s
Baseline: 0
D0_BSP: 1
D1_PRIO: 0
D1_CHUNK: 0
Parallel: 1
Debug flag: 0
Test flag: 0
Final result (ignore this line): 9.223372e+26

Input edge file: /scratch/predrag/6.886/inputs_gen2/original_50M_1.adjlist
Graph size: 50000000
Cilk workers: 12
Done computing 10 rounds!
Time taken:     31.32581s
Time per round: 3.132581s
Baseline: 0
D0_BSP: 0
D1_PRIO: 0
D1_CHUNK: 1
Parallel: 1
Chunk size bits: 16
Debug flag: 0
Test flag: 0
Final result (ignore this line): 9.223372e+26

Input edge file: /scratch/predrag/6.886/current_run/edges_reordered.adjlist
Graph size: 50000000
Cilk workers: 1
Done computing 10 rounds!
Time taken:     97.827477s
Time per round: 9.7827477s
Baseline: 1
D0_BSP: 0
D1_PRIO: 0
D1_CHUNK: 0
Parallel: 1
Priority group bits: 0
Debug flag: 0
Test flag: 0
Final result (ignore this line): 4.6061173e+26
Hilbert bits: 10

Input edge file: /scratch/predrag/6.886/current_run/edges_reordered.adjlist
Graph size: 50000000
Cilk workers: 1
Done computing 10 rounds!
Time taken:     23.583804s
Time per round: 2.3583804s
Baseline: 0
D0_BSP: 1
D1_PRIO: 0
D1_CHUNK: 0
Parallel: 1
Debug flag: 0
Test flag: 0
Final result (ignore this line): 9.223372e+26
Hilbert bits: 10

Input edge file: /scratch/predrag/6.886/current_run/edges_reordered.adjlist
Graph size: 50000000
Cilk workers: 1
Done computing 10 rounds!
Time taken:     27.138105s
Time per round: 2.7138105s
Baseline: 0
D0_BSP: 0
D1_PRIO: 0
D1_CHUNK: 1
Parallel: 1
Chunk size bits: 16
Debug flag: 0
Test flag: 0
Final result (ignore this line): 9.223372e+26
Hilbert bits: 10

Input edge file: /scratch/predrag/6.886/current_run/edges_reordered.adjlist
Graph size: 50000000
Cilk workers: 2
Done computing 10 rounds!
Time taken:     86.175354s
Time per round: 8.6175354s
Baseline: 1
D0_BSP: 0
D1_PRIO: 0
D1_CHUNK: 0
Parallel: 1
Priority group bits: 0
Debug flag: 0
Test flag: 0
Final result (ignore this line): 4.6061173e+26
Hilbert bits: 10

Input edge file: /scratch/predrag/6.886/current_run/edges_reordered.adjlist
Graph size: 50000000
Cilk workers: 2
Done computing 10 rounds!
Time taken:     12.567145s
Time per round: 1.2567145s
Baseline: 0
D0_BSP: 1
D1_PRIO: 0
D1_CHUNK: 0
Parallel: 1
Debug flag: 0
Test flag: 0
Final result (ignore this line): 9.223372e+26
Hilbert bits: 10

Input edge file: /scratch/predrag/6.886/current_run/edges_reordered.adjlist
Graph size: 50000000
Cilk workers: 2
Done computing 10 rounds!
Time taken:     15.694725s
Time per round: 1.5694725s
Baseline: 0
D0_BSP: 0
D1_PRIO: 0
D1_CHUNK: 1
Parallel: 1
Chunk size bits: 16
Debug flag: 0
Test flag: 0
Final result (ignore this line): 9.223372e+26
Hilbert bits: 10

Benchmark root directory: /scratch/predrag/6.886/current_run
Output into: /scratch/predrag/6.886/results/scalability.out
Input files:
  /scratch/predrag/6.886/inputs_gen2/original_50M_1.node
  /scratch/predrag/6.886/inputs_gen2/original_50M_1.adjlist

Input edge file: /scratch/predrag/6.886/current_run/edges_reordered.adjlist
Graph size: 50000000
Cilk workers: 3
Done computing 10 rounds!
Time taken:     85.709699s
Time per round: 8.5709699s
Baseline: 1
D0_BSP: 0
D1_PRIO: 0
D1_CHUNK: 0
Parallel: 1
Priority group bits: 0
Debug flag: 0
Test flag: 0
Final result (ignore this line): 4.6061173e+26
Hilbert bits: 10

Input edge file: /scratch/predrag/6.886/current_run/edges_reordered.adjlist
Graph size: 50000000
Cilk workers: 3
Done computing 10 rounds!
Time taken:     8.8763759s
Time per round: 0.88763759s
Baseline: 0
D0_BSP: 1
D1_PRIO: 0
D1_CHUNK: 0
Parallel: 1
Debug flag: 0
Test flag: 0
Final result (ignore this line): 9.223372e+26
Hilbert bits: 10

Input edge file: /scratch/predrag/6.886/current_run/edges_reordered.adjlist
Graph size: 50000000
Cilk workers: 3
Done computing 10 rounds!
Time taken:     10.899213s
Time per round: 1.0899213s
Baseline: 0
D0_BSP: 0
D1_PRIO: 0
D1_CHUNK: 1
Parallel: 1
Chunk size bits: 16
Debug flag: 0
Test flag: 0
Final result (ignore this line): 9.223372e+26
Hilbert bits: 10

Benchmark root directory: /scratch/predrag/6.886/current_run
Output into: /scratch/predrag/6.886/results/scalability.out
Input files:
  /scratch/predrag/6.886/inputs_gen2/original_50M_1.node
  /scratch/predrag/6.886/inputs_gen2/original_50M_1.adjlist

Input edge file: /scratch/predrag/6.886/current_run/edges_reordered.adjlist
Graph size: 50000000
Cilk workers: 4
Done computing 10 rounds!
Time taken:     7.0985954s
Time per round: 0.70985954s
Baseline: 0
D0_BSP: 1
D1_PRIO: 0
D1_CHUNK: 0
Parallel: 1
Debug flag: 0
Test flag: 0
Final result (ignore this line): 9.223372e+26
Hilbert bits: 10

Input edge file: /scratch/predrag/6.886/current_run/edges_reordered.adjlist
Graph size: 50000000
Cilk workers: 4
Done computing 10 rounds!
Time taken:     8.9397083s
Time per round: 0.89397083s
Baseline: 0
D0_BSP: 0
D1_PRIO: 0
D1_CHUNK: 1
Parallel: 1
Chunk size bits: 16
Debug flag: 0
Test flag: 0
Final result (ignore this line): 9.223372e+26
Hilbert bits: 10

Input edge file: /scratch/predrag/6.886/current_run/edges_reordered.adjlist
Graph size: 50000000
Cilk workers: 5
Done computing 10 rounds!
Time taken:     6.2264008s
Time per round: 0.62264008s
Baseline: 0
D0_BSP: 1
D1_PRIO: 0
D1_CHUNK: 0
Parallel: 1
Debug flag: 0
Test flag: 0
Final result (ignore this line): 9.223372e+26
Hilbert bits: 10

Input edge file: /scratch/predrag/6.886/current_run/edges_reordered.adjlist
Graph size: 50000000
Cilk workers: 5
Done computing 10 rounds!
Time taken:     7.5214823s
Time per round: 0.75214823s
Baseline: 0
D0_BSP: 0
D1_PRIO: 0
D1_CHUNK: 1
Parallel: 1
Chunk size bits: 16
Debug flag: 0
Test flag: 0
Final result (ignore this line): 9.223372e+26
Hilbert bits: 10

Input edge file: /scratch/predrag/6.886/current_run/edges_reordered.adjlist
Graph size: 50000000
Cilk workers: 6
Done computing 10 rounds!
Time taken:     5.3325731s
Time per round: 0.53325731s
Baseline: 0
D0_BSP: 1
D1_PRIO: 0
D1_CHUNK: 0
Parallel: 1
Debug flag: 0
Test flag: 0
Final result (ignore this line): 9.223372e+26
Hilbert bits: 10

Input edge file: /scratch/predrag/6.886/current_run/edges_reordered.adjlist
Graph size: 50000000
Cilk workers: 6
Done computing 10 rounds!
Time taken:     6.7237021s
Time per round: 0.67237021s
Baseline: 0
D0_BSP: 0
D1_PRIO: 0
D1_CHUNK: 1
Parallel: 1
Chunk size bits: 16
Debug flag: 0
Test flag: 0
Final result (ignore this line): 9.223372e+26
Hilbert bits: 10

Input edge file: /scratch/predrag/6.886/current_run/edges_reordered.adjlist
Graph size: 50000000
Cilk workers: 7
Done computing 10 rounds!
Time taken:     5.1407568s
Time per round: 0.51407568s
Baseline: 0
D0_BSP: 1
D1_PRIO: 0
D1_CHUNK: 0
Parallel: 1
Debug flag: 0
Test flag: 0
Final result (ignore this line): 9.223372e+26
Hilbert bits: 10

Input edge file: /scratch/predrag/6.886/current_run/edges_reordered.adjlist
Graph size: 50000000
Cilk workers: 7
Done computing 10 rounds!
Time taken:     6.1123062s
Time per round: 0.61123062s
Baseline: 0
D0_BSP: 0
D1_PRIO: 0
D1_CHUNK: 1
Parallel: 1
Chunk size bits: 16
Debug flag: 0
Test flag: 0
Final result (ignore this line): 9.223372e+26
Hilbert bits: 10

Input edge file: /scratch/predrag/6.886/current_run/edges_reordered.adjlist
Graph size: 50000000
Cilk workers: 8
Done computing 10 rounds!
Time taken:     4.8884166s
Time per round: 0.48884166s
Baseline: 0
D0_BSP: 1
D1_PRIO: 0
D1_CHUNK: 0
Parallel: 1
Debug flag: 0
Test flag: 0
Final result (ignore this line): 9.223372e+26
Hilbert bits: 10

Input edge file: /scratch/predrag/6.886/current_run/edges_reordered.adjlist
Graph size: 50000000
Cilk workers: 8
Done computing 10 rounds!
Time taken:     5.8157744s
Time per round: 0.58157744s
Baseline: 0
D0_BSP: 0
D1_PRIO: 0
D1_CHUNK: 1
Parallel: 1
Chunk size bits: 16
Debug flag: 0
Test flag: 0
Final result (ignore this line): 9.223372e+26
Hilbert bits: 10

Input edge file: /scratch/predrag/6.886/current_run/edges_reordered.adjlist
Graph size: 50000000
Cilk workers: 9
Done computing 10 rounds!
Time taken:     4.7499141s
Time per round: 0.47499141s
Baseline: 0
D0_BSP: 1
D1_PRIO: 0
D1_CHUNK: 0
Parallel: 1
Debug flag: 0
Test flag: 0
Final result (ignore this line): 9.223372e+26
Hilbert bits: 10

Input edge file: /scratch/predrag/6.886/current_run/edges_reordered.adjlist
Graph size: 50000000
Cilk workers: 9
Done computing 10 rounds!
Time taken:     5.2882321s
Time per round: 0.52882321s
Baseline: 0
D0_BSP: 0
D1_PRIO: 0
D1_CHUNK: 1
Parallel: 1
Chunk size bits: 16
Debug flag: 0
Test flag: 0
Final result (ignore this line): 9.223372e+26
Hilbert bits: 10

Input edge file: /scratch/predrag/6.886/current_run/edges_reordered.adjlist
Graph size: 50000000
Cilk workers: 10
Done computing 10 rounds!
Time taken:     4.6271355s
Time per round: 0.46271355s
Baseline: 0
D0_BSP: 1
D1_PRIO: 0
D1_CHUNK: 0
Parallel: 1
Debug flag: 0
Test flag: 0
Final result (ignore this line): 9.223372e+26
Hilbert bits: 10

Input edge file: /scratch/predrag/6.886/current_run/edges_reordered.adjlist
Graph size: 50000000
Cilk workers: 10
Done computing 10 rounds!
Time taken:     5.6825732s
Time per round: 0.56825732s
Baseline: 0
D0_BSP: 0
D1_PRIO: 0
D1_CHUNK: 1
Parallel: 1
Chunk size bits: 16
Debug flag: 0
Test flag: 0
Final result (ignore this line): 9.223372e+26
Hilbert bits: 10

Input edge file: /scratch/predrag/6.886/current_run/edges_reordered.adjlist
Graph size: 50000000
Cilk workers: 11
Done computing 10 rounds!
Time taken:     4.6353945s
Time per round: 0.46353945s
Baseline: 0
D0_BSP: 1
D1_PRIO: 0
D1_CHUNK: 0
Parallel: 1
Debug flag: 0
Test flag: 0
Final result (ignore this line): 9.223372e+26
Hilbert bits: 10

Input edge file: /scratch/predrag/6.886/current_run/edges_reordered.adjlist
Graph size: 50000000
Cilk workers: 11
Done computing 10 rounds!
Time taken:     5.1858322s
Time per round: 0.51858322s
Baseline: 0
D0_BSP: 0
D1_PRIO: 0
D1_CHUNK: 1
Parallel: 1
Chunk size bits: 16
Debug flag: 0
Test flag: 0
Final result (ignore this line): 9.223372e+26
Hilbert bits: 10

Input edge file: /scratch/predrag/6.886/current_run/edges_reordered.adjlist
Graph size: 50000000
Cilk workers: 12
Done computing 10 rounds!
Time taken:     4.5307969s
Time per round: 0.45307969s
Baseline: 0
D0_BSP: 1
D1_PRIO: 0
D1_CHUNK: 0
Parallel: 1
Debug flag: 0
Test flag: 0
Final result (ignore this line): 9.223372e+26
Hilbert bits: 10

Input edge file: /scratch/predrag/6.886/current_run/edges_reordered.adjlist
Graph size: 50000000
Cilk workers: 12
Done computing 10 rounds!
Time taken:     5.0745212s
Time per round: 0.50745212s
Baseline: 0
D0_BSP: 0
D1_PRIO: 0
D1_CHUNK: 1
Parallel: 1
Chunk size bits: 16
Debug flag: 0
Test flag: 0
Final result (ignore this line): 9.223372e+26
Hilbert bits: 10

